#
# There is insufficient memory for the Java Runtime Environment to continue.
# Native memory allocation (mmap) failed to map 67108864 bytes. Error detail: G1 virtual space
# Possible reasons:
#   The system is out of physical RAM or swap space
#   This process is running with CompressedOops enabled, and the Java Heap may be blocking the growth of the native heap
# Possible solutions:
#   Reduce memory load on the system
#   Increase physical memory or swap space
#   Check if swap backing store is full
#   Decrease Java heap size (-Xmx/-Xms)
#   Decrease number of Java threads
#   Decrease Java thread stack sizes (-Xss)
#   Set larger code cache with -XX:ReservedCodeCacheSize=
#   JVM is running with Unscaled Compressed Oops mode in which the Java heap is
#     placed in the first 4GB address space. The Java Heap base address is the
#     maximum limit for the native heap growth. Please use -XX:HeapBaseMinAddress
#     to set the Java Heap base and to place the Java Heap above 4GB virtual address.
# This output file may be truncated or incomplete.
#
#  Out of Memory Error (os_windows.cpp:3631), pid=3560, tid=6656
#
# JRE version:  (22.0.2+9) (build )
# Java VM: Java HotSpot(TM) 64-Bit Server VM (22.0.2+9-70, mixed mode, sharing, tiered, compressed oops, compressed class ptrs, g1 gc, windows-amd64)
# No core dump will be written. Minidumps are not enabled by default on client versions of Windows
#

---------------  S U M M A R Y ------------

Command Line: --enable-preview -XX:+ShowCodeDetailsInExceptionMessages GajiBulanan

Host: Intel(R) Celeron(R) 2955U @ 1.40GHz, 2 cores, 3G,  Windows 10 , 64 bit Build 19041 (10.0.19041.1348)
Time: Fri Sep 13 03:35:17 2024 SE Asia Standard Time elapsed time: 0.252446 seconds (0d 0h 0m 0s)

---------------  T H R E A D  ---------------

Current thread (0x0000019b4b3ebfa0):  JavaThread "Unknown thread" [_thread_in_vm, id=6656, stack(0x000000337bd00000,0x000000337be00000) (1024K)]

Stack: [0x000000337bd00000,0x000000337be00000]
Native frames: (J=compiled Java code, j=interpreted, Vv=VM code, C=native code)
V  [jvm.dll+0x6e26e9]  (no source info available)
V  [jvm.dll+0x875753]  (no source info available)
V  [jvm.dll+0x877b7e]  (no source info available)
V  [jvm.dll+0x878253]  (no source info available)
V  [jvm.dll+0x27fc86]  (no source info available)
V  [jvm.dll+0x6ded85]  (no source info available)
V  [jvm.dll+0x6d388a]  (no source info available)
V  [jvm.dll+0x358b8a]  (no source info available)
V  [jvm.dll+0x3610b6]  (no source info available)
V  [jvm.dll+0x3b419e]  (no source info available)
V  [jvm.dll+0x3b4448]  (no source info available)
V  [jvm.dll+0x32c5ec]  (no source info available)
V  [jvm.dll+0x32d258]  (no source info available)
V  [jvm.dll+0x83d5ac]  (no source info available)
V  [jvm.dll+0x3c10d1]  (no source info available)
V  [jvm.dll+0x8264cc]  (no source info available)
V  [jvm.dll+0x45bd5e]  (no source info available)
V  [jvm.dll+0x45dbe1]  (no source info available)
C  [jli.dll+0x52a3]  (no source info available)
C  [ucrtbase.dll+0x21bb2]  (no source info available)
C  [KERNEL32.DLL+0x17034]  (no source info available)
C  [ntdll.dll+0x52651]  (no source info available)


---------------  P R O C E S S  ---------------

Threads class SMR info:
_java_thread_list=0x00007ffca1bcc1c8, length=0, elements={
}

Java Threads: ( => current thread )
Total: 0

Other Threads:
  0x0000019b4d5fc1a0 WorkerThread "GC Thread#0"                     [id=6824, stack(0x000000337be00000,0x000000337bf00000) (1024K)]
  0x0000019b4d604ed0 ConcurrentGCThread "G1 Main Marker"            [id=6432, stack(0x000000337bf00000,0x000000337c000000) (1024K)]
  0x0000019b4d605b90 WorkerThread "G1 Conc#0"                       [id=6796, stack(0x000000337c000000,0x000000337c100000) (1024K)]

[error occurred during error reporting (printing all threads), id 0xc0000005, EXCEPTION_ACCESS_VIOLATION (0xc0000005) at pc=0x00007ffca131f517]
VM state: not at safepoint (not fully initialized)

VM Mutex/Monitor currently owned by a thread:  ([mutex/lock_event])
[0x00007ffca1c4cc80] Heap_lock - owner thread: 0x0000019b4b3ebfa0

Heap address: 0x00000000c1600000, size: 1002 MB, Compressed Oops mode: 32-bit

CDS archive(s) mapped at: [0x0000000000000000-0x0000000000000000-0x0000000000000000), size 0, SharedBaseAddress: 0x0000000800000000, ArchiveRelocationMode: 1.
Narrow klass base: 0x0000000000000000, Narrow klass shift: 0, Narrow klass range: 0x0

GC Precious Log:
 CardTable entry size: 512
 Card Set container configuration: InlinePtr #cards 5 size 8 Array Of Cards #cards 12 size 40 Howl #buckets 4 coarsen threshold 1843 Howl Bitmap #cards 512 size 80 coarsen threshold 460 Card regions per heap region 1 cards per card region 2048

Heap:
 garbage-first heap   total reserved 1026048K, committed 0K, used 0K [0x00000000c1600000, 0x0000000100000000)
  region size 1024K, 0 young (0K), 0 survivors (0K)

[error occurred during error reporting (printing heap information), id 0xc0000005, EXCEPTION_ACCESS_VIOLATION (0xc0000005) at pc=0x00007ffca171e869]
GC Heap History (0 events):
No events

Dll operation events (1 events):
Event: 0.014 Loaded shared library C:\Program Files\Java\jdk-22\bin\java.dll

Deoptimization events (0 events):
No events

Classes loaded (0 events):
No events

Classes unloaded (0 events):
No events

Classes redefined (0 events):
No events

Internal exceptions (0 events):
No events

ZGC Phase Switch (0 events):
No events

VM Operations (0 events):
No events

Memory protections (0 events):
No events

Nmethod flushes (0 events):
No events

Events (0 events):
No events


Dynamic libraries:
0x00007ff7c46a0000 - 0x00007ff7c46b0000 	C:\Program Files\Java\jdk-22\bin\java.exe
0x00007ffce4290000 - 0x00007ffce4485000 	C:\Windows\SYSTEM32\ntdll.dll
0x00007ffce3a90000 - 0x00007ffce3b4e000 	C:\Windows\System32\KERNEL32.DLL
0x00007ffce19a0000 - 0x00007ffce1c68000 	C:\Windows\System32\KERNELBASE.dll
0x00007ffce21d0000 - 0x00007ffce22d0000 	C:\Windows\System32\ucrtbase.dll
0x00007ffcd69a0000 - 0x00007ffcd69b7000 	C:\Program Files\Java\jdk-22\bin\jli.dll
0x00007ffce25a0000 - 0x00007ffce2741000 	C:\Windows\System32\USER32.dll
0x00007ffce1c70000 - 0x00007ffce1c92000 	C:\Windows\System32\win32u.dll
0x00007ffce3090000 - 0x00007ffce30bb000 	C:\Windows\System32\GDI32.dll
0x00007ffce1db0000 - 0x00007ffce1ebd000 	C:\Windows\System32\gdi32full.dll
0x00007ffce1ec0000 - 0x00007ffce1f5d000 	C:\Windows\System32\msvcp_win.dll
0x00007ffcd4630000 - 0x00007ffcd464b000 	C:\Program Files\Java\jdk-22\bin\VCRUNTIME140.dll
0x00007ffcd4d00000 - 0x00007ffcd4f9a000 	C:\Windows\WinSxS\amd64_microsoft.windows.common-controls_6595b64144ccf1df_6.0.19041.1110_none_60b5254171f9507e\COMCTL32.dll
0x00007ffce3140000 - 0x00007ffce31de000 	C:\Windows\System32\msvcrt.dll
0x00007ffce3b50000 - 0x00007ffce3b80000 	C:\Windows\System32\IMM32.DLL
0x00007ffcd76b0000 - 0x00007ffcd76bc000 	C:\Program Files\Java\jdk-22\bin\vcruntime140_1.dll
0x00007ffcbc2d0000 - 0x00007ffcbc35e000 	C:\Program Files\Java\jdk-22\bin\msvcp140.dll
0x00007ffca0fe0000 - 0x00007ffca1d29000 	C:\Program Files\Java\jdk-22\bin\server\jvm.dll
0x00007ffce2760000 - 0x00007ffce280c000 	C:\Windows\System32\ADVAPI32.dll
0x00007ffce3b80000 - 0x00007ffce3c1b000 	C:\Windows\System32\sechost.dll
0x00007ffce2d70000 - 0x00007ffce2e9a000 	C:\Windows\System32\RPCRT4.dll
0x00007ffce32d0000 - 0x00007ffce333b000 	C:\Windows\System32\WS2_32.dll
0x00007ffce1440000 - 0x00007ffce148b000 	C:\Windows\SYSTEM32\POWRPROF.dll
0x00007ffcd4a20000 - 0x00007ffcd4a47000 	C:\Windows\SYSTEM32\WINMM.dll
0x00007ffcd50a0000 - 0x00007ffcd50aa000 	C:\Windows\SYSTEM32\VERSION.dll
0x00007ffce1420000 - 0x00007ffce1432000 	C:\Windows\SYSTEM32\UMPDC.dll
0x00007ffcdfa40000 - 0x00007ffcdfa52000 	C:\Windows\SYSTEM32\kernel.appcore.dll
0x00007ffcd7670000 - 0x00007ffcd767a000 	C:\Program Files\Java\jdk-22\bin\jimage.dll
0x00007ffccc720000 - 0x00007ffccc904000 	C:\Windows\SYSTEM32\DBGHELP.DLL
0x00007ffccbcb0000 - 0x00007ffccbcdc000 	C:\Windows\SYSTEM32\dbgcore.DLL
0x00007ffce2140000 - 0x00007ffce21c3000 	C:\Windows\System32\bcryptPrimitives.dll
0x00007ffcd4610000 - 0x00007ffcd462e000 	C:\Program Files\Java\jdk-22\bin\java.dll
0x00007ffce3340000 - 0x00007ffce3a84000 	C:\Windows\System32\SHELL32.dll
0x00007ffce3cb0000 - 0x00007ffce3dda000 	C:\Windows\System32\ole32.dll
0x00007ffce3ef0000 - 0x00007ffce4245000 	C:\Windows\System32\combase.dll

dbghelp: loaded successfully - version: 4.0.5 - missing functions: none
symbol engine: initialized successfully - sym options: 0x614 - pdb path: .;C:\Program Files\Java\jdk-22\bin;C:\Windows\SYSTEM32;C:\Windows\WinSxS\amd64_microsoft.windows.common-controls_6595b64144ccf1df_6.0.19041.1110_none_60b5254171f9507e;C:\Program Files\Java\jdk-22\bin\server

VM Arguments:
jvm_args: --enable-preview -XX:+ShowCodeDetailsInExceptionMessages 
java_command: GajiBulanan
java_class_path (initial): C:\Users\Admin\AppData\Roaming\Code\User\workspaceStorage\4005195fa4b225c3bc5aa8f7d24f6ff0\redhat.java\jdt_ws\MINGGU 3_c0049b5b\bin
Launcher Type: SUN_STANDARD

[Global flags]
     intx CICompilerCount                          = 2                                         {product} {ergonomic}
     uint ConcGCThreads                            = 1                                         {product} {ergonomic}
     uint G1ConcRefinementThreads                  = 2                                         {product} {ergonomic}
   size_t G1HeapRegionSize                         = 1048576                                   {product} {ergonomic}
   size_t InitialHeapSize                          = 67108864                                  {product} {ergonomic}
   size_t MarkStackSize                            = 4194304                                   {product} {ergonomic}
   size_t MaxHeapSize                              = 1050673152                                {product} {ergonomic}
   size_t MinHeapDeltaBytes                        = 1048576                                   {product} {ergonomic}
   size_t MinHeapSize                              = 8388608                                   {product} {ergonomic}
    uintx NonNMethodCodeHeapSize                   = 5826188                                {pd product} {ergonomic}
    uintx NonProfiledCodeHeapSize                  = 122916026                              {pd product} {ergonomic}
    uintx ProfiledCodeHeapSize                     = 122916026                              {pd product} {ergonomic}
    uintx ReservedCodeCacheSize                    = 251658240                              {pd product} {ergonomic}
     bool SegmentedCodeCache                       = true                                      {product} {ergonomic}
     bool ShowCodeDetailsInExceptionMessages       = true                                   {manageable} {command line}
   size_t SoftMaxHeapSize                          = 1050673152                             {manageable} {ergonomic}
     bool UseCompressedOops                        = true                           {product lp64_product} {ergonomic}
     bool UseG1GC                                  = true                                      {product} {ergonomic}
     bool UseLargePagesIndividualAllocation        = false                                  {pd product} {ergonomic}

Logging:
Log output configuration:
 #0: stdout all=warning uptime,level,tags foldmultilines=false
 #1: stderr all=off uptime,level,tags foldmultilines=false

Environment Variables:
PATH=C:\Program Files\Common Files\Oracle\Java\javapath;C:\Windows\system32;C:\Windows;C:\Windows\System32\Wbem;C:\Windows\System32\WindowsPowerShell\v1.0\;C:\Windows\System32\OpenSSH\;C:\Program Files\Java\jdk-22\bin;C:\Program Files\Git\cmd;C:\Users\Admin\AppData\Local\Microsoft\WindowsApps;C:\Users\Admin\AppData\Local\Programs\Microsoft VS Code\bin
USERNAME=Admin
LANG=en_US.UTF-8
OS=Windows_NT
PROCESSOR_IDENTIFIER=Intel64 Family 6 Model 69 Stepping 1, GenuineIntel
TMP=C:\Users\Admin\AppData\Local\Temp
TEMP=C:\Users\Admin\AppData\Local\Temp




Periodic native trim disabled

---------------  S Y S T E M  ---------------

OS:
 Windows 10 , 64 bit Build 19041 (10.0.19041.1348)
OS uptime: 0 days 3:41 hours

CPU: total 2 (initial active 2) (2 cores per cpu, 1 threads per core) family 6 model 69 stepping 1 microcode 0x25, cx8, cmov, fxsr, mmx, sse, sse2, sse3, ssse3, sse4.1, sse4.2, popcnt, lzcnt, tsc, tscinvbit, erms, clmul, clflush, rdtscp
Processor Information for all 2 processors :
  Max Mhz: 1400, Current Mhz: 1400, Mhz Limit: 1400

Memory: 4k page, system-wide physical 4003M (748M free)
TotalPageFile size 4003M (AvailPageFile size 55M)
current process WorkingSet (physical memory assigned to process): 11M, peak: 11M
current process commit charge ("private bytes"): 47M, peak: 111M

vm_info: Java HotSpot(TM) 64-Bit Server VM (22.0.2+9-70) for windows-amd64 JRE (22.0.2+9-70), built on 2024-06-04T16:52:23Z by "mach5one" with MS VC++ 17.6 (VS2022)

END.
